<?xml version="1.0" encoding="UTF-8"?>
<!-- Generated by org.testng.reporters.JUnitReportReporter -->
<testsuite hostname="Dom-PC" name="com.testng.TransferAddVehicle" tests="1" failures="0" timestamp="22 Jan 2014 07:13:44 GMT" time="141.206" errors="0">
  <testcase name="Start" time="141.206" classname="com.testng.TransferAddVehicle"/>
</testsuite> <!-- com.testng.TransferAddVehicle -->
