<?xml version="1.0" encoding="UTF-8"?>
<!-- Generated by org.testng.reporters.JUnitReportReporter -->
<testsuite skipped="0" hostname="HuPan-PC" name="com.testng.SettleAccounts" tests="1" failures="0" timestamp="27 十月 2017 05:52:50 GMT" time="97.401" errors="0">
  <testcase name="Start" time="97.401" classname="com.testng.SettleAccounts"/>
</testsuite> <!-- com.testng.SettleAccounts -->
