<?xml version="1.0" encoding="UTF-8"?>
<!-- Generated by org.testng.reporters.JUnitReportReporter -->
<testsuite hostname="Dom-PC" name="com.testng.TransferApplyIn" tests="1" failures="0" timestamp="22 Jan 2014 07:13:44 GMT" time="41.672" errors="0">
  <testcase name="Start" time="41.672" classname="com.testng.TransferApplyIn"/>
</testsuite> <!-- com.testng.TransferApplyIn -->
