<?xml version="1.0" encoding="UTF-8"?>
<!-- Generated by org.testng.reporters.JUnitReportReporter -->
<testsuite hostname="Dom-PC" name="com.testng.RegisteService" tests="1" failures="0" timestamp="28 Oct 2013 05:23:35 GMT" time="21.213" errors="0">
  <testcase name="Start" time="21.213" classname="com.testng.RegisteService"/>
</testsuite> <!-- com.testng.RegisteService -->
