<?xml version="1.0" encoding="UTF-8"?>
<!-- Generated by org.testng.reporters.JUnitReportReporter -->
<testsuite skipped="0" hostname="HuPan-PC" name="com.testng.BydLogin" tests="1" failures="0" timestamp="25 十月 2017 08:05:27 GMT" time="80.790" errors="0">
  <testcase name="Start" time="80.790" classname="com.testng.BydLogin"/>
</testsuite> <!-- com.testng.BydLogin -->
