<?xml version="1.0" encoding="UTF-8"?>
<!-- Generated by org.testng.reporters.JUnitReportReporter -->
<testsuite hostname="Dom-PC" name="com.testng.CheckRoadNumDelVehicle" tests="1" failures="0" timestamp="22 Jan 2014 07:13:44 GMT" time="105.678" errors="0">
  <testcase name="Start" time="105.678" classname="com.testng.CheckRoadNumDelVehicle"/>
</testsuite> <!-- com.testng.CheckRoadNumDelVehicle -->
