<?xml version="1.0" encoding="UTF-8"?>
<!-- Generated by org.testng.reporters.JUnitReportReporter -->
<testsuite hostname="Dom-PC" name="com.testng.TransferApplyInApprove" tests="1" failures="0" timestamp="31 Oct 2013 02:36:52 GMT" time="25.084" errors="0">
  <testcase name="Start" time="25.084" classname="com.testng.TransferApplyInApprove"/>
</testsuite> <!-- com.testng.TransferApplyInApprove -->
