<?xml version="1.0" encoding="UTF-8"?>
<!-- Generated by org.testng.reporters.JUnitReportReporter -->
<testsuite hostname="Dom-PC" name="com.testng.ApproveManufactory" tests="1" failures="0" timestamp="28 Oct 2013 08:56:26 GMT" time="25.554" errors="0">
  <testcase name="Start" time="25.554" classname="com.testng.ApproveManufactory"/>
</testsuite> <!-- com.testng.ApproveManufactory -->
