<?xml version="1.0" encoding="UTF-8"?>
<!-- Generated by org.testng.reporters.JUnitReportReporter -->
<testsuite skipped="0" hostname="HuPan-PC" name="com.testng.QueryMember" tests="1" failures="0" timestamp="25 十月 2017 10:26:08 GMT" time="32.030" errors="0">
  <testcase name="Start" time="32.030" classname="com.testng.QueryMember"/>
</testsuite> <!-- com.testng.QueryMember -->
