<?xml version="1.0" encoding="UTF-8"?>
<!-- Generated by org.testng.reporters.JUnitReportReporter -->
<testsuite hostname="Mars-PC" name="com.testng.ServiceRegiste" tests="1" failures="0" timestamp="28 Feb 2014 02:13:22 GMT" time="35.735" errors="0">
  <testcase name="Start" time="35.735" classname="com.testng.ServiceRegiste"/>
</testsuite> <!-- com.testng.ServiceRegiste -->
