<?xml version="1.0" encoding="UTF-8"?>
<!-- Generated by org.testng.reporters.JUnitReportReporter -->
<testsuite skipped="0" hostname="HuPan-PC" name="com.testng.SettleAccounts" tests="1" failures="0" timestamp="26 十月 2017 12:15:56 GMT" time="90.737" errors="0">
  <testcase name="Start" time="90.737" classname="com.testng.SettleAccounts"/>
</testsuite> <!-- com.testng.SettleAccounts -->
