<?xml version="1.0" encoding="UTF-8"?>
<!-- Generated by org.testng.reporters.JUnitReportReporter -->
<testsuite hostname="Dom-PC" name="com.testng.TransferApplyOut" tests="1" failures="0" timestamp="22 Jan 2014 07:13:44 GMT" time="42.520" errors="0">
  <testcase name="Start" time="42.520" classname="com.testng.TransferApplyOut"/>
</testsuite> <!-- com.testng.TransferApplyOut -->
