<?xml version="1.0" encoding="UTF-8"?>
<!-- Generated by org.testng.reporters.JUnitReportReporter -->
<testsuite skipped="0" hostname="HuPan-PC" name="com.testng.Baisearch" tests="1" failures="0" timestamp="27 十月 2017 10:07:33 GMT" time="11.910" errors="0">
  <testcase name="Start" time="11.910" classname="com.testng.Baisearch"/>
</testsuite> <!-- com.testng.Baisearch -->
