<?xml version="1.0" encoding="UTF-8"?>
<!-- Generated by org.testng.reporters.JUnitReportReporter -->
<testsuite hostname="Dom-PC" name="com.testng.ManufactoryAddVehicle" tests="1" failures="0" timestamp="22 Jan 2014 07:13:44 GMT" time="140.848" errors="0">
  <testcase name="Start" time="140.848" classname="com.testng.ManufactoryAddVehicle"/>
</testsuite> <!-- com.testng.ManufactoryAddVehicle -->
