<?xml version="1.0" encoding="UTF-8"?>
<!-- Generated by org.testng.reporters.JUnitReportReporter -->
<testsuite hostname="Dom-PC" name="com.testng.SystemManager" tests="1" failures="0" timestamp="8 Nov 2013 06:44:21 GMT" time="65.234" errors="0">
  <testcase name="Start" time="65.234" classname="com.testng.SystemManager"/>
</testsuite> <!-- com.testng.SystemManager -->
