<?xml version="1.0" encoding="UTF-8"?>
<!-- Generated by org.testng.reporters.JUnitReportReporter -->
<testsuite hostname="Dom-PC" name="com.testng.Find" tests="1" failures="0" timestamp="28 Oct 2013 08:24:51 GMT" time="15.531" errors="0">
  <testcase name="f" time="15.531" classname="com.testng.Find"/>
</testsuite> <!-- com.testng.Find -->
