<?xml version="1.0" encoding="UTF-8"?>
<!-- Generated by org.testng.reporters.JUnitReportReporter -->
<testsuite skipped="0" hostname="HuPan-PC" name="com.testng.xjsss" tests="1" failures="0" timestamp="16 三月 2017 09:40:27 GMT" time="9.034" errors="0">
  <testcase name="Start" time="9.034" classname="com.testng.xjsss"/>
</testsuite> <!-- com.testng.xjsss -->
