<?xml version="1.0" encoding="UTF-8"?>
<!-- Generated by org.testng.reporters.JUnitReportReporter -->
<testsuite skipped="0" hostname="HuPan-PC" name="com.testng.QueryMember" tests="1" failures="0" timestamp="26 十月 2017 12:15:56 GMT" time="29.239" errors="0">
  <testcase name="Start" time="29.239" classname="com.testng.QueryMember"/>
</testsuite> <!-- com.testng.QueryMember -->
