<?xml version="1.0" encoding="UTF-8"?>
<!-- Generated by org.testng.reporters.JUnitReportReporter -->
<testsuite skipped="0" hostname="HuPan-PC" name="com.testng.SettleAccounts" tests="1" failures="0" timestamp="27 十月 2017 06:13:45 GMT" time="98.740" errors="0">
  <testcase name="Start" time="98.740" classname="com.testng.SettleAccounts"/>
</testsuite> <!-- com.testng.SettleAccounts -->
